

Started GET "/movies" for 127.0.0.1 at 2012-03-16 10:26:58 -0700
  Processing by MoviesController#index as HTML
Completed 500 Internal Server Error in 0ms

ActiveRecord::StatementInvalid (Could not find table 'movies'):
  app/controllers/movies_controller.rb:10:in `index'

Rendered /usr/local/lib/ruby/gems/1.9.1/gems/actionpack-3.1.0/lib/action_dispatch/middleware/templates/rescues/_trace.erb (1.6ms)
Rendered /usr/local/lib/ruby/gems/1.9.1/gems/actionpack-3.1.0/lib/action_dispatch/middleware/templates/rescues/_request_and_response.erb (1.3ms)
Rendered /usr/local/lib/ruby/gems/1.9.1/gems/actionpack-3.1.0/lib/action_dispatch/middleware/templates/rescues/diagnostics.erb within rescues/layout (20.3ms)


Started GET "/movies" for 127.0.0.1 at 2012-03-16 10:27:24 -0700
  Processing by MoviesController#index as HTML
Completed 500 Internal Server Error in 1ms

ActiveRecord::StatementInvalid (Could not find table 'movies'):
  app/controllers/movies_controller.rb:10:in `index'

Rendered /usr/local/lib/ruby/gems/1.9.1/gems/actionpack-3.1.0/lib/action_dispatch/middleware/templates/rescues/_trace.erb (14.1ms)
Rendered /usr/local/lib/ruby/gems/1.9.1/gems/actionpack-3.1.0/lib/action_dispatch/middleware/templates/rescues/_request_and_response.erb (1.1ms)
Rendered /usr/local/lib/ruby/gems/1.9.1/gems/actionpack-3.1.0/lib/action_dispatch/middleware/templates/rescues/diagnostics.erb within rescues/layout (18.7ms)


Started GET "/movies" for 127.0.0.1 at 2012-03-16 10:34:06 -0700
  Processing by MoviesController#index as HTML
Completed 500 Internal Server Error in 1ms

ActiveRecord::StatementInvalid (Could not find table 'movies'):
  app/controllers/movies_controller.rb:10:in `index'

Rendered /usr/local/lib/ruby/gems/1.9.1/gems/actionpack-3.1.0/lib/action_dispatch/middleware/templates/rescues/_trace.erb (1.3ms)
Rendered /usr/local/lib/ruby/gems/1.9.1/gems/actionpack-3.1.0/lib/action_dispatch/middleware/templates/rescues/_request_and_response.erb (1.0ms)
Rendered /usr/local/lib/ruby/gems/1.9.1/gems/actionpack-3.1.0/lib/action_dispatch/middleware/templates/rescues/diagnostics.erb within rescues/layout (6.2ms)
  [1m[36m (0.1ms)[0m  [1mselect sqlite_version(*)[0m
  [1m[35m (99.6ms)[0m  CREATE TABLE "schema_migrations" ("version" varchar(255) NOT NULL) 
  [1m[36m (0.4ms)[0m  [1mPRAGMA index_list("schema_migrations")[0m
  [1m[35m (46.3ms)[0m  CREATE UNIQUE INDEX "unique_schema_migrations" ON "schema_migrations" ("version")
  [1m[36m (0.1ms)[0m  [1mSELECT "schema_migrations"."version" FROM "schema_migrations" [0m
Migrating to CreateMovies (20111119180638)
  [1m[35m (1.0ms)[0m  CREATE TABLE "movies" ("id" INTEGER PRIMARY KEY AUTOINCREMENT NOT NULL, "title" varchar(255), "rating" varchar(255), "description" text, "release_date" datetime, "created_at" datetime, "updated_at" datetime) 
  [1m[36m (0.2ms)[0m  [1mINSERT INTO "schema_migrations" ("version") VALUES ('20111119180638')[0m
Migrating to AddMoreMovies (20120130161449)
  [1m[35mSQL (33.6ms)[0m  INSERT INTO "movies" ("created_at", "description", "rating", "release_date", "title", "updated_at") VALUES (?, ?, ?, ?, ?, ?)  [["created_at", Fri, 16 Mar 2012 17:51:32 UTC +00:00], ["description", nil], ["rating", "G"], ["release_date", Wed, 25 Nov 1992 00:00:00 UTC +00:00], ["title", "Aladdin"], ["updated_at", Fri, 16 Mar 2012 17:51:32 UTC +00:00]]
  [1m[36mSQL (0.3ms)[0m  [1mINSERT INTO "movies" ("created_at", "description", "rating", "release_date", "title", "updated_at") VALUES (?, ?, ?, ?, ?, ?)[0m  [["created_at", Fri, 16 Mar 2012 17:51:32 UTC +00:00], ["description", nil], ["rating", "R"], ["release_date", Fri, 26 Oct 1984 00:00:00 UTC +00:00], ["title", "The Terminator"], ["updated_at", Fri, 16 Mar 2012 17:51:32 UTC +00:00]]
  [1m[35mSQL (0.3ms)[0m  INSERT INTO "movies" ("created_at", "description", "rating", "release_date", "title", "updated_at") VALUES (?, ?, ?, ?, ?, ?)  [["created_at", Fri, 16 Mar 2012 17:51:32 UTC +00:00], ["description", nil], ["rating", "R"], ["release_date", Fri, 21 Jul 1989 00:00:00 UTC +00:00], ["title", "When Harry Met Sally"], ["updated_at", Fri, 16 Mar 2012 17:51:32 UTC +00:00]]
  [1m[36mSQL (0.3ms)[0m  [1mINSERT INTO "movies" ("created_at", "description", "rating", "release_date", "title", "updated_at") VALUES (?, ?, ?, ?, ?, ?)[0m  [["created_at", Fri, 16 Mar 2012 17:51:32 UTC +00:00], ["description", nil], ["rating", "PG-13"], ["release_date", Wed, 10 Aug 2011 00:00:00 UTC +00:00], ["title", "The Help"], ["updated_at", Fri, 16 Mar 2012 17:51:32 UTC +00:00]]
  [1m[35mSQL (0.2ms)[0m  INSERT INTO "movies" ("created_at", "description", "rating", "release_date", "title", "updated_at") VALUES (?, ?, ?, ?, ?, ?)  [["created_at", Fri, 16 Mar 2012 17:51:32 UTC +00:00], ["description", nil], ["rating", "PG-13"], ["release_date", Fri, 05 Jan 2001 00:00:00 UTC +00:00], ["title", "Chocolat"], ["updated_at", Fri, 16 Mar 2012 17:51:32 UTC +00:00]]
  [1m[36mSQL (0.3ms)[0m  [1mINSERT INTO "movies" ("created_at", "description", "rating", "release_date", "title", "updated_at") VALUES (?, ?, ?, ?, ?, ?)[0m  [["created_at", Fri, 16 Mar 2012 17:51:32 UTC +00:00], ["description", nil], ["rating", "R"], ["release_date", Wed, 25 Apr 2001 00:00:00 UTC +00:00], ["title", "Amelie"], ["updated_at", Fri, 16 Mar 2012 17:51:32 UTC +00:00]]
  [1m[35mSQL (0.2ms)[0m  INSERT INTO "movies" ("created_at", "description", "rating", "release_date", "title", "updated_at") VALUES (?, ?, ?, ?, ?, ?)  [["created_at", Fri, 16 Mar 2012 17:51:32 UTC +00:00], ["description", nil], ["rating", "G"], ["release_date", Sat, 06 Apr 1968 00:00:00 UTC +00:00], ["title", "2001: A Space Odyssey"], ["updated_at", Fri, 16 Mar 2012 17:51:32 UTC +00:00]]
  [1m[36mSQL (0.2ms)[0m  [1mINSERT INTO "movies" ("created_at", "description", "rating", "release_date", "title", "updated_at") VALUES (?, ?, ?, ?, ?, ?)[0m  [["created_at", Fri, 16 Mar 2012 17:51:32 UTC +00:00], ["description", nil], ["rating", "PG"], ["release_date", Fri, 05 Nov 2004 00:00:00 UTC +00:00], ["title", "The Incredibles"], ["updated_at", Fri, 16 Mar 2012 17:51:32 UTC +00:00]]
  [1m[35mSQL (0.3ms)[0m  INSERT INTO "movies" ("created_at", "description", "rating", "release_date", "title", "updated_at") VALUES (?, ?, ?, ?, ?, ?)  [["created_at", Fri, 16 Mar 2012 17:51:32 UTC +00:00], ["description", nil], ["rating", "PG"], ["release_date", Fri, 12 Jun 1981 00:00:00 UTC +00:00], ["title", "Raiders of the Lost Ark"], ["updated_at", Fri, 16 Mar 2012 17:51:32 UTC +00:00]]
  [1m[36mSQL (0.3ms)[0m  [1mINSERT INTO "movies" ("created_at", "description", "rating", "release_date", "title", "updated_at") VALUES (?, ?, ?, ?, ?, ?)[0m  [["created_at", Fri, 16 Mar 2012 17:51:32 UTC +00:00], ["description", nil], ["rating", "G"], ["release_date", Wed, 21 Jun 2000 00:00:00 UTC +00:00], ["title", "Chicken Run"], ["updated_at", Fri, 16 Mar 2012 17:51:32 UTC +00:00]]
  [1m[35m (0.2ms)[0m  INSERT INTO "schema_migrations" ("version") VALUES ('20120130161449')
  [1m[36m (0.4ms)[0m  [1mselect sqlite_version(*)[0m
  [1m[35m (0.2ms)[0m  SELECT "schema_migrations"."version" FROM "schema_migrations" 
  [1m[36m (0.0ms)[0m  [1mPRAGMA index_list("movies")[0m


Started GET "/movies" for 127.0.0.1 at 2012-03-16 10:52:17 -0700
  Processing by MoviesController#index as HTML
  [1m[36mMovie Load (0.5ms)[0m  [1mSELECT "movies".* FROM "movies" [0m
Rendered movies/index.html.haml within layouts/application (28.9ms)
Compiled application.css  (3ms)  (pid 6380)
Compiled application.js  (129ms)  (pid 6380)
Compiled jquery.js  (25ms)  (pid 6380)
Compiled jquery_ujs.js  (2ms)  (pid 6380)
Completed 200 OK in 379ms (Views: 376.3ms | ActiveRecord: 0.7ms)


Started GET "/assets/application.css?body=1" for 127.0.0.1 at 2012-03-16 10:52:20 -0700
Served asset /application.css - 304 Not Modified (13ms)


Started GET "/assets/application.js?body=1" for 127.0.0.1 at 2012-03-16 10:52:20 -0700
Served asset /application.js - 304 Not Modified (183ms)


Started GET "/assets/jquery_ujs.js?body=1" for 127.0.0.1 at 2012-03-16 10:52:20 -0700
Served asset /jquery_ujs.js - 304 Not Modified (26ms)


Started GET "/assets/jquery.js?body=1" for 127.0.0.1 at 2012-03-16 10:52:20 -0700
Served asset /jquery.js - 304 Not Modified (26ms)
